200 Products have been created as:
Product No.    Price      Weight
0            1           3
1            2           4
2            3           6
3            4           7
4            5           6
5            6           10
6            7           4
7            8           8
8            9           5
9            10           4
10            5           1
11            4           5
12            6           8
13            3           16
14            8           2
15            4           3
16            4           5
17            15           6
18            10           3
19            7           1
20            3           1
21            4           2
22            6           3
23            7           4
24            6           5
25            10           6
26            4           7
27            18           8
28            5           9
29            4           10
30            1           5
31            5           4
32            8           6
33            16           3
34            2           8
35            3           4
36            15           4
37            6           15
38            3           10
39            1           7
40            3           3
41            4           4
42            6           6
43            7           7
44            6           6
45            10           10
46            4           4
47            8           8
48            5           5
49            4           4
50            1           1
51            5           5
52            8           8
53            16           16
54            2           2
55            3           3
56            5           5
57            6           6
58            3           3
59            1           1
60            1           1
61            5           5
62            8           8
63            16           16
64            2           2
65            3           3
66            5           5
67            6           6
68            3           3
69            1           1
70            1           1
71            5           5
72            8           8
73            16           16
74            2           2
75            3           3
76            5           5
77            6           6
78            3           3
79            1           1
80            3           3
81            4           4
82            6           6
83            7           7
84            6           6
85            10           10
86            4           4
87            8           8
88            5           5
89            4           4
90            3           3
91            4           4
92            6           6
93            7           7
94            6           6
95            10           10
96            4           4
97            8           8
98            5           5
99            4           4
100            1           1
101            2           2
102            3           3
103            4           4
104            5           5
105            6           6
106            7           7
107            8           8
108            9           9
109            10           10
110            5           5
111            4           4
112            6           6
113            3           3
114            8           8
115            4           4
116            4           4
117            15           15
118            10           10
119            7           7
120            3           3
121            4           4
122            6           6
123            7           7
124            6           6
125            10           10
126            4           4
127            18           18
128            5           5
129            4           4
130            1           1
131            5           5
132            8           8
133            16           16
134            2           2
135            3           3
136            15           15
137            6           6
138            3           3
139            1           1
140            3           3
141            4           4
142            6           6
143            7           7
144            6           6
145            10           10
146            4           4
147            8           8
148            5           5
149            4           4
150            1           1
151            5           5
152            8           8
153            16           16
154            2           2
155            3           3
156            5           5
157            6           6
158            3           3
159            1           1
160            1           1
161            5           5
162            8           8
163            16           16
164            2           2
165            3           3
166            5           5
167            6           6
168            3           3
169            1           1
170            1           1
171            5           5
172            8           8
173            16           16
174            2           2
175            3           3
176            5           5
177            6           6
178            3           3
179            1           1
180            3           3
181            4           4
182            6           6
183            7           7
184            6           6
185            10           10
186            4           4
187            8           8
188            5           5
189            4           4
190            3           3
191            4           4
192            6           6
193            7           7
194            6           6
195            10           10
196            4           4
197            8           8
198            5           5
199            4           4
1 [main] INFO com.me.knapsack.Main  - Fitness of fittest chromosone of Generation 0: 693
2 [main] INFO com.me.knapsack.Main  - Average Fitness: 567.16

4 [main] INFO com.me.knapsack.Main  - Fitness of fittest chromosone of Generation 1: 723
4 [main] INFO com.me.knapsack.Main  - Average Fitness: 593.68

5 [main] INFO com.me.knapsack.Main  - Fitness of fittest chromosone of Generation 2: 732
5 [main] INFO com.me.knapsack.Main  - Average Fitness: 611.38

5 [main] INFO com.me.knapsack.Main  - Fitness of fittest chromosone of Generation 3: 779
5 [main] INFO com.me.knapsack.Main  - Average Fitness: 631.66

6 [main] INFO com.me.knapsack.Main  - Fitness of fittest chromosone of Generation 4: 779
6 [main] INFO com.me.knapsack.Main  - Average Fitness: 650.12

6 [main] INFO com.me.knapsack.Main  - Fitness of fittest chromosone of Generation 5: 779
6 [main] INFO com.me.knapsack.Main  - Average Fitness: 672.14

6 [main] INFO com.me.knapsack.Main  - Fitness of fittest chromosone of Generation 6: 789
7 [main] INFO com.me.knapsack.Main  - Average Fitness: 690.56

7 [main] INFO com.me.knapsack.Main  - Fitness of fittest chromosone of Generation 7: 796
7 [main] INFO com.me.knapsack.Main  - Average Fitness: 711.11

7 [main] INFO com.me.knapsack.Main  - Fitness of fittest chromosone of Generation 8: 856
7 [main] INFO com.me.knapsack.Main  - Average Fitness: 726.23

8 [main] INFO com.me.knapsack.Main  - Fitness of fittest chromosone of Generation 9: 856
8 [main] INFO com.me.knapsack.Main  - Average Fitness: 743.12

9 [main] INFO com.me.knapsack.Main  - Fitness of fittest chromosone of Generation 10: 856
9 [main] INFO com.me.knapsack.Main  - Average Fitness: 749.21

10 [main] INFO com.me.knapsack.Main  - Fitness of fittest chromosone of Generation 11: 856
10 [main] INFO com.me.knapsack.Main  - Average Fitness: 760.52

10 [main] INFO com.me.knapsack.Main  - Fitness of fittest chromosone of Generation 12: 856
10 [main] INFO com.me.knapsack.Main  - Average Fitness: 763.69

11 [main] INFO com.me.knapsack.Main  - Fitness of fittest chromosone of Generation 13: 856
11 [main] INFO com.me.knapsack.Main  - Average Fitness: 775.91

11 [main] INFO com.me.knapsack.Main  - Fitness of fittest chromosone of Generation 14: 856
12 [main] INFO com.me.knapsack.Main  - Average Fitness: 802.42

12 [main] INFO com.me.knapsack.Main  - Fitness of fittest chromosone of Generation 15: 872
12 [main] INFO com.me.knapsack.Main  - Average Fitness: 803.76

13 [main] INFO com.me.knapsack.Main  - Fitness of fittest chromosone of Generation 16: 884
13 [main] INFO com.me.knapsack.Main  - Average Fitness: 820.62

13 [main] INFO com.me.knapsack.Main  - Fitness of fittest chromosone of Generation 17: 884
13 [main] INFO com.me.knapsack.Main  - Average Fitness: 812.64

13 [main] INFO com.me.knapsack.Main  - Fitness of fittest chromosone of Generation 18: 884
13 [main] INFO com.me.knapsack.Main  - Average Fitness: 803.74

14 [main] INFO com.me.knapsack.Main  - Fitness of fittest chromosone of Generation 19: 884
14 [main] INFO com.me.knapsack.Main  - Average Fitness: 800.33

15 [main] INFO com.me.knapsack.Main  - Fitness of fittest chromosone of Generation 20: 884
15 [main] INFO com.me.knapsack.Main  - Average Fitness: 831.05

15 [main] INFO com.me.knapsack.Main  - Fitness of fittest chromosone of Generation 21: 886
15 [main] INFO com.me.knapsack.Main  - Average Fitness: 827.79

16 [main] INFO com.me.knapsack.Main  - Fitness of fittest chromosone of Generation 22: 897
16 [main] INFO com.me.knapsack.Main  - Average Fitness: 839.75

17 [main] INFO com.me.knapsack.Main  - Fitness of fittest chromosone of Generation 23: 897
17 [main] INFO com.me.knapsack.Main  - Average Fitness: 817.04

18 [main] INFO com.me.knapsack.Main  - Fitness of fittest chromosone of Generation 24: 897
18 [main] INFO com.me.knapsack.Main  - Average Fitness: 777.99

19 [main] INFO com.me.knapsack.Main  - Fitness of fittest chromosone of Generation 25: 897
19 [main] INFO com.me.knapsack.Main  - Average Fitness: 796.76

20 [main] INFO com.me.knapsack.Main  - Fitness of fittest chromosone of Generation 26: 897
21 [main] INFO com.me.knapsack.Main  - Average Fitness: 815.95

21 [main] INFO com.me.knapsack.Main  - Fitness of fittest chromosone of Generation 27: 897
22 [main] INFO com.me.knapsack.Main  - Average Fitness: 809.43

23 [main] INFO com.me.knapsack.Main  - Fitness of fittest chromosone of Generation 28: 907
23 [main] INFO com.me.knapsack.Main  - Average Fitness: 796.13

24 [main] INFO com.me.knapsack.Main  - Fitness of fittest chromosone of Generation 29: 907
24 [main] INFO com.me.knapsack.Main  - Average Fitness: 815.63

25 [main] INFO com.me.knapsack.Main  - Fitness of fittest chromosone of Generation 30: 907
25 [main] INFO com.me.knapsack.Main  - Average Fitness: 800.55

26 [main] INFO com.me.knapsack.Main  - Fitness of fittest chromosone of Generation 31: 907
27 [main] INFO com.me.knapsack.Main  - Average Fitness: 809.7

27 [main] INFO com.me.knapsack.Main  - Fitness of fittest chromosone of Generation 32: 907
28 [main] INFO com.me.knapsack.Main  - Average Fitness: 830.3

28 [main] INFO com.me.knapsack.Main  - Fitness of fittest chromosone of Generation 33: 915
29 [main] INFO com.me.knapsack.Main  - Average Fitness: 822.46

29 [main] INFO com.me.knapsack.Main  - Fitness of fittest chromosone of Generation 34: 915
30 [main] INFO com.me.knapsack.Main  - Average Fitness: 834.03

30 [main] INFO com.me.knapsack.Main  - Fitness of fittest chromosone of Generation 35: 915
30 [main] INFO com.me.knapsack.Main  - Average Fitness: 791.57

31 [main] INFO com.me.knapsack.Main  - Fitness of fittest chromosone of Generation 36: 915
31 [main] INFO com.me.knapsack.Main  - Average Fitness: 828.63

31 [main] INFO com.me.knapsack.Main  - Fitness of fittest chromosone of Generation 37: 915
31 [main] INFO com.me.knapsack.Main  - Average Fitness: 804.03

32 [main] INFO com.me.knapsack.Main  - Fitness of fittest chromosone of Generation 38: 915
32 [main] INFO com.me.knapsack.Main  - Average Fitness: 778.68

32 [main] INFO com.me.knapsack.Main  - Fitness of fittest chromosone of Generation 39: 915
32 [main] INFO com.me.knapsack.Main  - Average Fitness: 796.25

33 [main] INFO com.me.knapsack.Main  - Fitness of fittest chromosone of Generation 40: 915
33 [main] INFO com.me.knapsack.Main  - Average Fitness: 842.45

33 [main] INFO com.me.knapsack.Main  - Fitness of fittest chromosone of Generation 41: 915
33 [main] INFO com.me.knapsack.Main  - Average Fitness: 799.15

34 [main] INFO com.me.knapsack.Main  - Fitness of fittest chromosone of Generation 42: 915
34 [main] INFO com.me.knapsack.Main  - Average Fitness: 834.65

34 [main] INFO com.me.knapsack.Main  - Fitness of fittest chromosone of Generation 43: 915
34 [main] INFO com.me.knapsack.Main  - Average Fitness: 853.18

35 [main] INFO com.me.knapsack.Main  - Fitness of fittest chromosone of Generation 44: 915
35 [main] INFO com.me.knapsack.Main  - Average Fitness: 827.59

35 [main] INFO com.me.knapsack.Main  - Fitness of fittest chromosone of Generation 45: 915
35 [main] INFO com.me.knapsack.Main  - Average Fitness: 829.39

35 [main] INFO com.me.knapsack.Main  - Fitness of fittest chromosone of Generation 46: 915
35 [main] INFO com.me.knapsack.Main  - Average Fitness: 820.6

36 [main] INFO com.me.knapsack.Main  - Fitness of fittest chromosone of Generation 47: 923
36 [main] INFO com.me.knapsack.Main  - Average Fitness: 839.85

36 [main] INFO com.me.knapsack.Main  - Fitness of fittest chromosone of Generation 48: 923
36 [main] INFO com.me.knapsack.Main  - Average Fitness: 831.79

36 [main] INFO com.me.knapsack.Main  - Fitness of fittest chromosone of Generation 49: 923
36 [main] INFO com.me.knapsack.Main  - Average Fitness: 823.71

37 [main] INFO com.me.knapsack.Main  - Fitness of fittest chromosone of Generation 50: 923
37 [main] INFO com.me.knapsack.Main  - Average Fitness: 797.02

37 [main] INFO com.me.knapsack.Main  - Fitness of fittest chromosone of Generation 51: 923
37 [main] INFO com.me.knapsack.Main  - Average Fitness: 825.44

38 [main] INFO com.me.knapsack.Main  - Fitness of fittest chromosone of Generation 52: 923
38 [main] INFO com.me.knapsack.Main  - Average Fitness: 834.7

38 [main] INFO com.me.knapsack.Main  - Fitness of fittest chromosone of Generation 53: 923
38 [main] INFO com.me.knapsack.Main  - Average Fitness: 815.88

39 [main] INFO com.me.knapsack.Main  - Fitness of fittest chromosone of Generation 54: 923
40 [main] INFO com.me.knapsack.Main  - Average Fitness: 844.85

40 [main] INFO com.me.knapsack.Main  - Fitness of fittest chromosone of Generation 55: 923
40 [main] INFO com.me.knapsack.Main  - Average Fitness: 836.54

40 [main] INFO com.me.knapsack.Main  - Fitness of fittest chromosone of Generation 56: 923
40 [main] INFO com.me.knapsack.Main  - Average Fitness: 872.87

41 [main] INFO com.me.knapsack.Main  - Fitness of fittest chromosone of Generation 57: 923
41 [main] INFO com.me.knapsack.Main  - Average Fitness: 856.09

41 [main] INFO com.me.knapsack.Main  - Fitness of fittest chromosone of Generation 58: 923
41 [main] INFO com.me.knapsack.Main  - Average Fitness: 847.45

41 [main] INFO com.me.knapsack.Main  - Fitness of fittest chromosone of Generation 59: 923
41 [main] INFO com.me.knapsack.Main  - Average Fitness: 803.27

42 [main] INFO com.me.knapsack.Main  - Fitness of fittest chromosone of Generation 60: 923
42 [main] INFO com.me.knapsack.Main  - Average Fitness: 886.28

42 [main] INFO com.me.knapsack.Main  - Fitness of fittest chromosone of Generation 61: 923
42 [main] INFO com.me.knapsack.Main  - Average Fitness: 888.13

43 [main] INFO com.me.knapsack.Main  - Fitness of fittest chromosone of Generation 62: 923
43 [main] INFO com.me.knapsack.Main  - Average Fitness: 907.95

43 [main] INFO com.me.knapsack.Main  - Fitness of fittest chromosone of Generation 63: 923
43 [main] INFO com.me.knapsack.Main  - Average Fitness: 900.49

44 [main] INFO com.me.knapsack.Main  - Fitness of fittest chromosone of Generation 64: 923
44 [main] INFO com.me.knapsack.Main  - Average Fitness: 873.73

44 [main] INFO com.me.knapsack.Main  - Fitness of fittest chromosone of Generation 65: 923
44 [main] INFO com.me.knapsack.Main  - Average Fitness: 910.72

45 [main] INFO com.me.knapsack.Main  - Fitness of fittest chromosone of Generation 66: 923
45 [main] INFO com.me.knapsack.Main  - Average Fitness: 910.62

45 [main] INFO com.me.knapsack.Main  - Fitness of fittest chromosone of Generation 67: 923
45 [main] INFO com.me.knapsack.Main  - Average Fitness: 883.29

45 [main] INFO com.me.knapsack.Main  - Fitness of fittest chromosone of Generation 68: 923
45 [main] INFO com.me.knapsack.Main  - Average Fitness: 855.55

46 [main] INFO com.me.knapsack.Main  - Fitness of fittest chromosone of Generation 69: 923
46 [main] INFO com.me.knapsack.Main  - Average Fitness: 901.55

46 [main] INFO com.me.knapsack.Main  - Fitness of fittest chromosone of Generation 70: 923
46 [main] INFO com.me.knapsack.Main  - Average Fitness: 883.26

46 [main] INFO com.me.knapsack.Main  - Fitness of fittest chromosone of Generation 71: 923
46 [main] INFO com.me.knapsack.Main  - Average Fitness: 892.54

46 [main] INFO com.me.knapsack.Main  - Fitness of fittest chromosone of Generation 72: 923
46 [main] INFO com.me.knapsack.Main  - Average Fitness: 892.46

47 [main] INFO com.me.knapsack.Main  - Fitness of fittest chromosone of Generation 73: 923
47 [main] INFO com.me.knapsack.Main  - Average Fitness: 883.2

47 [main] INFO com.me.knapsack.Main  - Fitness of fittest chromosone of Generation 74: 923
47 [main] INFO com.me.knapsack.Main  - Average Fitness: 901.42

